[2024-06-23 18:24:04,759][flwr][INFO] - Starting Flower simulation, config: num_rounds=10, no round_timeout
[2024-06-23 18:24:07,366][flwr][INFO] - Flower VCE: Ray initialized with resources: {'CPU': 11.0, 'node:__internal_head__': 1.0, 'node:127.0.0.1': 1.0, 'object_store_memory': 2147483648.0, 'memory': 7906936423.0}
[2024-06-23 18:24:07,366][flwr][INFO] - Optimize your simulation with Flower VCE: https://flower.ai/docs/framework/how-to-run-simulations.html
[2024-06-23 18:24:07,366][flwr][INFO] - No `client_resources` specified. Using minimal resources for clients.
[2024-06-23 18:24:07,366][flwr][INFO] - Flower VCE: Resources for each Virtual Client: {'num_cpus': 1, 'num_gpus': 0.0}
[2024-06-23 18:24:07,375][flwr][INFO] - Flower VCE: Creating VirtualClientEngineActorPool with 11 actors
[2024-06-23 18:24:07,375][flwr][INFO] - [INIT]
[2024-06-23 18:24:07,375][flwr][INFO] - Requesting initial parameters from one random client
[2024-06-23 18:24:11,415][flwr][INFO] - Received initial parameters from one random client
[2024-06-23 18:24:11,415][flwr][INFO] - Evaluating initial global parameters
[2024-06-23 18:24:13,530][flwr][INFO] - initial parameters (loss, other metrics): 182.0243580341339, {'accuracy': 0.098}
[2024-06-23 18:24:13,531][flwr][INFO] - 
[2024-06-23 18:24:13,531][flwr][INFO] - [ROUND 1]
[2024-06-23 18:24:13,531][flwr][INFO] - configure_fit: strategy sampled 10 clients (out of 100)
[2024-06-23 18:24:24,714][flwr][INFO] - aggregate_fit: received 10 results and 0 failures
[2024-06-23 18:24:24,718][flwr][WARNING] - No fit_metrics_aggregation_fn provided
[2024-06-23 18:24:25,193][flwr][INFO] - fit progress: (1, 179.96406984329224, {'accuracy': 0.1534}, 11.662527458000113)
[2024-06-23 18:24:25,194][flwr][INFO] - configure_evaluate: strategy sampled 25 clients (out of 100)
[2024-06-23 18:24:38,442][flwr][INFO] - aggregate_evaluate: received 25 results and 0 failures
[2024-06-23 18:24:38,443][flwr][WARNING] - No evaluate_metrics_aggregation_fn provided
[2024-06-23 18:24:38,443][flwr][INFO] - 
[2024-06-23 18:24:38,443][flwr][INFO] - [ROUND 2]
[2024-06-23 18:24:38,444][flwr][INFO] - configure_fit: strategy sampled 10 clients (out of 100)
[2024-06-23 18:24:44,593][flwr][INFO] - aggregate_fit: received 10 results and 0 failures
[2024-06-23 18:24:45,087][flwr][INFO] - fit progress: (2, 172.81859874725342, {'accuracy': 0.2541}, 31.555566666997038)
[2024-06-23 18:24:45,087][flwr][INFO] - configure_evaluate: strategy sampled 25 clients (out of 100)
[2024-06-23 18:24:57,424][flwr][INFO] - aggregate_evaluate: received 25 results and 0 failures
[2024-06-23 18:24:57,425][flwr][INFO] - 
[2024-06-23 18:24:57,425][flwr][INFO] - [ROUND 3]
[2024-06-23 18:24:57,426][flwr][INFO] - configure_fit: strategy sampled 10 clients (out of 100)
[2024-06-23 18:25:03,094][flwr][INFO] - aggregate_fit: received 10 results and 0 failures
[2024-06-23 18:25:03,589][flwr][INFO] - fit progress: (3, 102.87226223945618, {'accuracy': 0.6906}, 50.0576097919984)
[2024-06-23 18:25:03,589][flwr][INFO] - configure_evaluate: strategy sampled 25 clients (out of 100)
[2024-06-23 18:25:14,929][flwr][INFO] - aggregate_evaluate: received 25 results and 0 failures
[2024-06-23 18:25:14,929][flwr][INFO] - 
[2024-06-23 18:25:14,929][flwr][INFO] - [ROUND 4]
[2024-06-23 18:25:14,930][flwr][INFO] - configure_fit: strategy sampled 10 clients (out of 100)
[2024-06-23 18:25:19,907][flwr][INFO] - aggregate_fit: received 10 results and 0 failures
[2024-06-23 18:25:20,408][flwr][INFO] - fit progress: (4, 47.518254935741425, {'accuracy': 0.8244}, 66.87656516700372)
[2024-06-23 18:25:20,408][flwr][INFO] - configure_evaluate: strategy sampled 25 clients (out of 100)
[2024-06-23 18:25:31,800][flwr][INFO] - aggregate_evaluate: received 25 results and 0 failures
[2024-06-23 18:25:31,800][flwr][INFO] - 
[2024-06-23 18:25:31,801][flwr][INFO] - [ROUND 5]
[2024-06-23 18:25:31,801][flwr][INFO] - configure_fit: strategy sampled 10 clients (out of 100)
[2024-06-23 18:25:37,108][flwr][INFO] - aggregate_fit: received 10 results and 0 failures
[2024-06-23 18:25:37,602][flwr][INFO] - fit progress: (5, 38.55215881764889, {'accuracy': 0.8789}, 84.07037854199734)
[2024-06-23 18:25:37,602][flwr][INFO] - configure_evaluate: strategy sampled 25 clients (out of 100)
[2024-06-23 18:25:48,431][flwr][INFO] - aggregate_evaluate: received 25 results and 0 failures
[2024-06-23 18:25:48,432][flwr][INFO] - 
[2024-06-23 18:25:48,432][flwr][INFO] - [ROUND 6]
[2024-06-23 18:25:48,432][flwr][INFO] - configure_fit: strategy sampled 10 clients (out of 100)
[2024-06-23 18:25:52,879][flwr][INFO] - aggregate_fit: received 10 results and 0 failures
[2024-06-23 18:25:53,367][flwr][INFO] - fit progress: (6, 27.59394671022892, {'accuracy': 0.8914}, 99.835113000001)
[2024-06-23 18:25:53,367][flwr][INFO] - configure_evaluate: strategy sampled 25 clients (out of 100)
[2024-06-23 18:26:04,249][flwr][INFO] - aggregate_evaluate: received 25 results and 0 failures
[2024-06-23 18:26:04,250][flwr][INFO] - 
[2024-06-23 18:26:04,250][flwr][INFO] - [ROUND 7]
[2024-06-23 18:26:04,251][flwr][INFO] - configure_fit: strategy sampled 10 clients (out of 100)
[2024-06-23 18:26:08,774][flwr][INFO] - aggregate_fit: received 10 results and 0 failures
[2024-06-23 18:26:09,248][flwr][INFO] - fit progress: (7, 20.88965170457959, {'accuracy': 0.9178}, 115.71621516699815)
[2024-06-23 18:26:09,249][flwr][INFO] - configure_evaluate: strategy sampled 25 clients (out of 100)
[2024-06-23 18:26:20,093][flwr][INFO] - aggregate_evaluate: received 25 results and 0 failures
[2024-06-23 18:26:20,094][flwr][INFO] - 
[2024-06-23 18:26:20,094][flwr][INFO] - [ROUND 8]
[2024-06-23 18:26:20,095][flwr][INFO] - configure_fit: strategy sampled 10 clients (out of 100)
[2024-06-23 18:26:24,585][flwr][INFO] - aggregate_fit: received 10 results and 0 failures
[2024-06-23 18:26:25,072][flwr][INFO] - fit progress: (8, 17.71951688453555, {'accuracy': 0.9335}, 131.53997700000036)
[2024-06-23 18:26:25,073][flwr][INFO] - configure_evaluate: strategy sampled 25 clients (out of 100)
[2024-06-23 18:26:35,902][flwr][INFO] - aggregate_evaluate: received 25 results and 0 failures
[2024-06-23 18:26:35,902][flwr][INFO] - 
[2024-06-23 18:26:35,902][flwr][INFO] - [ROUND 9]
[2024-06-23 18:26:35,903][flwr][INFO] - configure_fit: strategy sampled 10 clients (out of 100)
[2024-06-23 18:26:40,361][flwr][INFO] - aggregate_fit: received 10 results and 0 failures
[2024-06-23 18:26:40,855][flwr][INFO] - fit progress: (9, 15.417572177946568, {'accuracy': 0.9399}, 147.32221633299923)
[2024-06-23 18:26:40,855][flwr][INFO] - configure_evaluate: strategy sampled 25 clients (out of 100)
[2024-06-23 18:26:51,596][flwr][INFO] - aggregate_evaluate: received 25 results and 0 failures
[2024-06-23 18:26:51,597][flwr][INFO] - 
[2024-06-23 18:26:51,597][flwr][INFO] - [ROUND 10]
[2024-06-23 18:26:51,597][flwr][INFO] - configure_fit: strategy sampled 10 clients (out of 100)
[2024-06-23 18:26:56,110][flwr][INFO] - aggregate_fit: received 10 results and 0 failures
[2024-06-23 18:26:56,607][flwr][INFO] - fit progress: (10, 12.96150309452787, {'accuracy': 0.949}, 163.07408645800024)
[2024-06-23 18:26:56,607][flwr][INFO] - configure_evaluate: strategy sampled 25 clients (out of 100)
[2024-06-23 18:27:08,874][flwr][INFO] - aggregate_evaluate: received 25 results and 0 failures
[2024-06-23 18:27:08,875][flwr][INFO] - 
[2024-06-23 18:27:08,876][flwr][INFO] - [SUMMARY]
[2024-06-23 18:27:08,876][flwr][INFO] - Run finished 10 round(s) in 175.34s
[2024-06-23 18:27:08,876][flwr][INFO] - 	History (loss, distributed):
[2024-06-23 18:27:08,876][flwr][INFO] - 		round 1: 6.836162414550781
[2024-06-23 18:27:08,876][flwr][INFO] - 		round 2: 6.560687923431397
[2024-06-23 18:27:08,877][flwr][INFO] - 		round 3: 4.007051129341125
[2024-06-23 18:27:08,877][flwr][INFO] - 		round 4: 1.8617137968540192
[2024-06-23 18:27:08,877][flwr][INFO] - 		round 5: 1.5776100957393646
[2024-06-23 18:27:08,877][flwr][INFO] - 		round 6: 1.165818443596363
[2024-06-23 18:27:08,877][flwr][INFO] - 		round 7: 1.0347119873762132
[2024-06-23 18:27:08,877][flwr][INFO] - 		round 8: 0.7469617463648319
[2024-06-23 18:27:08,877][flwr][INFO] - 		round 9: 0.6280694377422332
[2024-06-23 18:27:08,877][flwr][INFO] - 		round 10: 0.5335607328265906
[2024-06-23 18:27:08,877][flwr][INFO] - 	History (loss, centralized):
[2024-06-23 18:27:08,877][flwr][INFO] - 		round 0: 182.0243580341339
[2024-06-23 18:27:08,877][flwr][INFO] - 		round 1: 179.96406984329224
[2024-06-23 18:27:08,877][flwr][INFO] - 		round 2: 172.81859874725342
[2024-06-23 18:27:08,877][flwr][INFO] - 		round 3: 102.87226223945618
[2024-06-23 18:27:08,877][flwr][INFO] - 		round 4: 47.518254935741425
[2024-06-23 18:27:08,877][flwr][INFO] - 		round 5: 38.55215881764889
[2024-06-23 18:27:08,877][flwr][INFO] - 		round 6: 27.59394671022892
[2024-06-23 18:27:08,877][flwr][INFO] - 		round 7: 20.88965170457959
[2024-06-23 18:27:08,877][flwr][INFO] - 		round 8: 17.71951688453555
[2024-06-23 18:27:08,877][flwr][INFO] - 		round 9: 15.417572177946568
[2024-06-23 18:27:08,877][flwr][INFO] - 		round 10: 12.96150309452787
[2024-06-23 18:27:08,877][flwr][INFO] - 	History (metrics, centralized):
[2024-06-23 18:27:08,877][flwr][INFO] - 	{'accuracy': [(0, 0.098),
[2024-06-23 18:27:08,877][flwr][INFO] - 	              (1, 0.1534),
[2024-06-23 18:27:08,877][flwr][INFO] - 	              (2, 0.2541),
[2024-06-23 18:27:08,877][flwr][INFO] - 	              (3, 0.6906),
[2024-06-23 18:27:08,877][flwr][INFO] - 	              (4, 0.8244),
[2024-06-23 18:27:08,877][flwr][INFO] - 	              (5, 0.8789),
[2024-06-23 18:27:08,877][flwr][INFO] - 	              (6, 0.8914),
[2024-06-23 18:27:08,877][flwr][INFO] - 	              (7, 0.9178),
[2024-06-23 18:27:08,877][flwr][INFO] - 	              (8, 0.9335),
[2024-06-23 18:27:08,877][flwr][INFO] - 	              (9, 0.9399),
[2024-06-23 18:27:08,877][flwr][INFO] - 	              (10, 0.949)]}
[2024-06-23 18:27:08,877][flwr][INFO] - 
