[2024-06-23 18:34:08,232][flwr][INFO] - Starting Flower simulation, config: num_rounds=10, no round_timeout
[2024-06-23 18:34:10,309][flwr][INFO] - Flower VCE: Ray initialized with resources: {'CPU': 11.0, 'memory': 9402700596.0, 'node:127.0.0.1': 1.0, 'node:__internal_head__': 1.0, 'object_store_memory': 2147483648.0}
[2024-06-23 18:34:10,309][flwr][INFO] - Optimize your simulation with Flower VCE: https://flower.ai/docs/framework/how-to-run-simulations.html
[2024-06-23 18:34:10,309][flwr][INFO] - No `client_resources` specified. Using minimal resources for clients.
[2024-06-23 18:34:10,309][flwr][INFO] - Flower VCE: Resources for each Virtual Client: {'num_cpus': 1, 'num_gpus': 0.0}
[2024-06-23 18:34:10,317][flwr][INFO] - Flower VCE: Creating VirtualClientEngineActorPool with 11 actors
[2024-06-23 18:34:10,317][flwr][INFO] - [INIT]
[2024-06-23 18:34:10,317][flwr][INFO] - Requesting initial parameters from one random client
[2024-06-23 18:34:13,852][flwr][INFO] - Received initial parameters from one random client
[2024-06-23 18:34:13,852][flwr][INFO] - Evaluating initial global parameters
[2024-06-23 18:34:14,443][flwr][INFO] - initial parameters (loss, other metrics): 182.28057432174683, {'accuracy': 0.0974}
[2024-06-23 18:34:14,443][flwr][INFO] - 
[2024-06-23 18:34:14,443][flwr][INFO] - [ROUND 1]
[2024-06-23 18:34:14,443][flwr][INFO] - configure_fit: strategy sampled 10 clients (out of 100)
[2024-06-23 18:34:21,043][flwr][INFO] - aggregate_fit: received 10 results and 0 failures
[2024-06-23 18:34:21,046][flwr][WARNING] - No fit_metrics_aggregation_fn provided
[2024-06-23 18:34:21,518][flwr][INFO] - fit progress: (1, 178.16654562950134, {'accuracy': 0.1584}, 7.074402834005014)
[2024-06-23 18:34:21,518][flwr][INFO] - configure_evaluate: strategy sampled 25 clients (out of 100)
[2024-06-23 18:34:32,571][flwr][INFO] - aggregate_evaluate: received 25 results and 0 failures
[2024-06-23 18:34:32,573][flwr][WARNING] - No evaluate_metrics_aggregation_fn provided
[2024-06-23 18:34:32,573][flwr][INFO] - 
[2024-06-23 18:34:32,573][flwr][INFO] - [ROUND 2]
[2024-06-23 18:34:32,573][flwr][INFO] - configure_fit: strategy sampled 10 clients (out of 100)
[2024-06-23 18:34:37,297][flwr][INFO] - aggregate_fit: received 10 results and 0 failures
[2024-06-23 18:34:37,781][flwr][INFO] - fit progress: (2, 146.30127930641174, {'accuracy': 0.6096}, 23.338039500005834)
[2024-06-23 18:34:37,782][flwr][INFO] - configure_evaluate: strategy sampled 25 clients (out of 100)
[2024-06-23 18:34:49,044][flwr][INFO] - aggregate_evaluate: received 25 results and 0 failures
[2024-06-23 18:34:49,045][flwr][INFO] - 
[2024-06-23 18:34:49,045][flwr][INFO] - [ROUND 3]
[2024-06-23 18:34:49,045][flwr][INFO] - configure_fit: strategy sampled 10 clients (out of 100)
[2024-06-23 18:34:53,590][flwr][INFO] - aggregate_fit: received 10 results and 0 failures
[2024-06-23 18:34:54,083][flwr][INFO] - fit progress: (3, 54.99347874522209, {'accuracy': 0.7912}, 39.63973170900135)
[2024-06-23 18:34:54,083][flwr][INFO] - configure_evaluate: strategy sampled 25 clients (out of 100)
[2024-06-23 18:35:05,078][flwr][INFO] - aggregate_evaluate: received 25 results and 0 failures
[2024-06-23 18:35:05,079][flwr][INFO] - 
[2024-06-23 18:35:05,079][flwr][INFO] - [ROUND 4]
[2024-06-23 18:35:05,080][flwr][INFO] - configure_fit: strategy sampled 10 clients (out of 100)
[2024-06-23 18:35:09,540][flwr][INFO] - aggregate_fit: received 10 results and 0 failures
[2024-06-23 18:35:10,031][flwr][INFO] - fit progress: (4, 40.31741064786911, {'accuracy': 0.8596}, 55.587302459003695)
[2024-06-23 18:35:10,031][flwr][INFO] - configure_evaluate: strategy sampled 25 clients (out of 100)
[2024-06-23 18:35:21,059][flwr][INFO] - aggregate_evaluate: received 25 results and 0 failures
[2024-06-23 18:35:21,061][flwr][INFO] - 
[2024-06-23 18:35:21,061][flwr][INFO] - [ROUND 5]
[2024-06-23 18:35:21,061][flwr][INFO] - configure_fit: strategy sampled 10 clients (out of 100)
[2024-06-23 18:35:26,318][flwr][INFO] - aggregate_fit: received 10 results and 0 failures
[2024-06-23 18:35:26,796][flwr][INFO] - fit progress: (5, 32.84221547842026, {'accuracy': 0.8907}, 72.35271937500511)
[2024-06-23 18:35:26,797][flwr][INFO] - configure_evaluate: strategy sampled 25 clients (out of 100)
[2024-06-23 18:35:38,662][flwr][INFO] - aggregate_evaluate: received 25 results and 0 failures
[2024-06-23 18:35:38,663][flwr][INFO] - 
[2024-06-23 18:35:38,663][flwr][INFO] - [ROUND 6]
[2024-06-23 18:35:38,664][flwr][INFO] - configure_fit: strategy sampled 10 clients (out of 100)
[2024-06-23 18:35:44,062][flwr][INFO] - aggregate_fit: received 10 results and 0 failures
[2024-06-23 18:35:44,556][flwr][INFO] - fit progress: (6, 24.476590741425753, {'accuracy': 0.916}, 90.1123751250052)
[2024-06-23 18:35:44,556][flwr][INFO] - configure_evaluate: strategy sampled 25 clients (out of 100)
[2024-06-23 18:35:56,779][flwr][INFO] - aggregate_evaluate: received 25 results and 0 failures
[2024-06-23 18:35:56,780][flwr][INFO] - 
[2024-06-23 18:35:56,781][flwr][INFO] - [ROUND 7]
[2024-06-23 18:35:56,781][flwr][INFO] - configure_fit: strategy sampled 10 clients (out of 100)
[2024-06-23 18:36:01,868][flwr][INFO] - aggregate_fit: received 10 results and 0 failures
[2024-06-23 18:36:02,373][flwr][INFO] - fit progress: (7, 20.953359067440033, {'accuracy': 0.9227}, 107.92928504200245)
[2024-06-23 18:36:02,373][flwr][INFO] - configure_evaluate: strategy sampled 25 clients (out of 100)
[2024-06-23 18:36:14,374][flwr][INFO] - aggregate_evaluate: received 25 results and 0 failures
[2024-06-23 18:36:14,374][flwr][INFO] - 
[2024-06-23 18:36:14,375][flwr][INFO] - [ROUND 8]
[2024-06-23 18:36:14,375][flwr][INFO] - configure_fit: strategy sampled 10 clients (out of 100)
[2024-06-23 18:36:19,496][flwr][INFO] - aggregate_fit: received 10 results and 0 failures
[2024-06-23 18:36:19,990][flwr][INFO] - fit progress: (8, 18.05034564435482, {'accuracy': 0.9319}, 125.54606308400253)
[2024-06-23 18:36:19,990][flwr][INFO] - configure_evaluate: strategy sampled 25 clients (out of 100)
[2024-06-23 18:36:32,305][flwr][INFO] - aggregate_evaluate: received 25 results and 0 failures
[2024-06-23 18:36:32,307][flwr][INFO] - 
[2024-06-23 18:36:32,307][flwr][INFO] - [ROUND 9]
[2024-06-23 18:36:32,307][flwr][INFO] - configure_fit: strategy sampled 10 clients (out of 100)
[2024-06-23 18:36:37,378][flwr][INFO] - aggregate_fit: received 10 results and 0 failures
[2024-06-23 18:36:37,907][flwr][INFO] - fit progress: (9, 14.784812219440937, {'accuracy': 0.9401}, 143.46271704199899)
[2024-06-23 18:36:37,907][flwr][INFO] - configure_evaluate: strategy sampled 25 clients (out of 100)
[2024-06-23 18:36:49,781][flwr][INFO] - aggregate_evaluate: received 25 results and 0 failures
[2024-06-23 18:36:49,781][flwr][INFO] - 
[2024-06-23 18:36:49,781][flwr][INFO] - [ROUND 10]
[2024-06-23 18:36:49,782][flwr][INFO] - configure_fit: strategy sampled 10 clients (out of 100)
[2024-06-23 18:36:54,638][flwr][INFO] - aggregate_fit: received 10 results and 0 failures
[2024-06-23 18:36:55,133][flwr][INFO] - fit progress: (10, 14.142985286191106, {'accuracy': 0.9475}, 160.68871066700376)
[2024-06-23 18:36:55,133][flwr][INFO] - configure_evaluate: strategy sampled 25 clients (out of 100)
[2024-06-23 18:37:08,159][flwr][INFO] - aggregate_evaluate: received 25 results and 0 failures
[2024-06-23 18:37:08,160][flwr][INFO] - 
[2024-06-23 18:37:08,160][flwr][INFO] - [SUMMARY]
[2024-06-23 18:37:08,160][flwr][INFO] - Run finished 10 round(s) in 173.72s
[2024-06-23 18:37:08,160][flwr][INFO] - 	History (loss, distributed):
[2024-06-23 18:37:08,161][flwr][INFO] - 		round 1: 6.771323919296265
[2024-06-23 18:37:08,161][flwr][INFO] - 		round 2: 5.580915174484253
[2024-06-23 18:37:08,161][flwr][INFO] - 		round 3: 2.1592595875263214
[2024-06-23 18:37:08,161][flwr][INFO] - 		round 4: 1.612299871444702
[2024-06-23 18:37:08,161][flwr][INFO] - 		round 5: 1.3209824281930924
[2024-06-23 18:37:08,161][flwr][INFO] - 		round 6: 1.0443482607603074
[2024-06-23 18:37:08,161][flwr][INFO] - 		round 7: 0.8445713405311107
[2024-06-23 18:37:08,161][flwr][INFO] - 		round 8: 0.7517447686195373
[2024-06-23 18:37:08,161][flwr][INFO] - 		round 9: 0.6146233747154475
[2024-06-23 18:37:08,161][flwr][INFO] - 		round 10: 0.6037841574847698
[2024-06-23 18:37:08,161][flwr][INFO] - 	History (loss, centralized):
[2024-06-23 18:37:08,161][flwr][INFO] - 		round 0: 182.28057432174683
[2024-06-23 18:37:08,161][flwr][INFO] - 		round 1: 178.16654562950134
[2024-06-23 18:37:08,161][flwr][INFO] - 		round 2: 146.30127930641174
[2024-06-23 18:37:08,161][flwr][INFO] - 		round 3: 54.99347874522209
[2024-06-23 18:37:08,161][flwr][INFO] - 		round 4: 40.31741064786911
[2024-06-23 18:37:08,161][flwr][INFO] - 		round 5: 32.84221547842026
[2024-06-23 18:37:08,161][flwr][INFO] - 		round 6: 24.476590741425753
[2024-06-23 18:37:08,162][flwr][INFO] - 		round 7: 20.953359067440033
[2024-06-23 18:37:08,162][flwr][INFO] - 		round 8: 18.05034564435482
[2024-06-23 18:37:08,162][flwr][INFO] - 		round 9: 14.784812219440937
[2024-06-23 18:37:08,162][flwr][INFO] - 		round 10: 14.142985286191106
[2024-06-23 18:37:08,162][flwr][INFO] - 	History (metrics, centralized):
[2024-06-23 18:37:08,162][flwr][INFO] - 	{'accuracy': [(0, 0.0974),
[2024-06-23 18:37:08,162][flwr][INFO] - 	              (1, 0.1584),
[2024-06-23 18:37:08,162][flwr][INFO] - 	              (2, 0.6096),
[2024-06-23 18:37:08,162][flwr][INFO] - 	              (3, 0.7912),
[2024-06-23 18:37:08,162][flwr][INFO] - 	              (4, 0.8596),
[2024-06-23 18:37:08,162][flwr][INFO] - 	              (5, 0.8907),
[2024-06-23 18:37:08,162][flwr][INFO] - 	              (6, 0.916),
[2024-06-23 18:37:08,162][flwr][INFO] - 	              (7, 0.9227),
[2024-06-23 18:37:08,162][flwr][INFO] - 	              (8, 0.9319),
[2024-06-23 18:37:08,162][flwr][INFO] - 	              (9, 0.9401),
[2024-06-23 18:37:08,162][flwr][INFO] - 	              (10, 0.9475)]}
[2024-06-23 18:37:08,162][flwr][INFO] - 
